<?xml version='1.0' encoding='UTF-8'?>
<testsuite hostname="EB840G5" name="gameOfLife.SocketActorSpec" tests="1" errors="0" failures="0" skipped="0" time="0.018">
                     <properties>
[...]
</properties>
                     <testcase classname="gameOfLife.SocketActorSpec" name="A SocketActor should accept Connections" time="0.018">
                                                 
                                               </testcase>
                     <system-out><![CDATA[]]></system-out>
                     <system-err><![CDATA[]]></system-err>
                   </testsuite>